<?xml version="1.0" encoding="UTF-8"?>
<testng-results ignored="0" total="1" passed="1" failed="0" skipped="0">
  <reporter-output>
  </reporter-output>
  <suite started-at="2020-05-02T19:42:00 CEST" name="Default suite" finished-at="2020-05-02T19:42:08 CEST" duration-ms="7509">
    <groups>
      <group name="cucumber">
        <method signature="AbstractTestNGCucumberTests.runScenario(io.cucumber.testng.PickleEventWrapper, io.cucumber.testng.CucumberFeatureWrapper)[pri:0, instance:com.w2a.APITestingFramework.cuke.runner.RunCuke@36ebc363]" name="runScenario" class="io.cucumber.testng.AbstractTestNGCucumberTests"/>
      </group> <!-- cucumber -->
    </groups>
    <test started-at="2020-05-02T19:42:00 CEST" name="Default test" finished-at="2020-05-02T19:42:08 CEST" duration-ms="7509">
      <class name="com.w2a.APITestingFramework.cuke.runner.RunCuke">
        <test-method is-config="true" signature="setUpClass()[pri:0, instance:com.w2a.APITestingFramework.cuke.runner.RunCuke@36ebc363]" started-at="2020-05-02T19:42:00 CEST" name="setUpClass" finished-at="2020-05-02T19:42:00 CEST" duration-ms="115" status="PASS">
          <reporter-output>
          </reporter-output>
        </test-method> <!-- setUpClass -->
        <test-method signature="runScenario(io.cucumber.testng.PickleEventWrapper, io.cucumber.testng.CucumberFeatureWrapper)[pri:0, instance:com.w2a.APITestingFramework.cuke.runner.RunCuke@36ebc363]" started-at="2020-05-02T19:42:00 CEST" name="runScenario" description="Runs Cucumber Scenarios" data-provider="scenarios" finished-at="2020-05-02T19:42:07 CEST" duration-ms="7078" status="PASS">
          <params>
            <param index="0">
              <value>
                <![CDATA["Validate Create Order feature with valid details"]]>
              </value>
            </param>
            <param index="1">
              <value>
                <![CDATA["Validate Create Order feature"]]>
              </value>
            </param>
          </params>
          <reporter-output>
          </reporter-output>
        </test-method> <!-- runScenario -->
        <test-method is-config="true" signature="tearDownClass()[pri:0, instance:com.w2a.APITestingFramework.cuke.runner.RunCuke@36ebc363]" started-at="2020-05-02T19:42:07 CEST" name="tearDownClass" finished-at="2020-05-02T19:42:08 CEST" duration-ms="249" status="PASS">
          <reporter-output>
          </reporter-output>
        </test-method> <!-- tearDownClass -->
      </class> <!-- com.w2a.APITestingFramework.cuke.runner.RunCuke -->
    </test> <!-- Default test -->
  </suite> <!-- Default suite -->
</testng-results>
